<?xml version="1.0" encoding="UTF-8"?>
<!-- Generated by org.testng.reporters.JUnitReportReporter -->
<testsuite hostname="LAPTOP-96SE6UHF" failures="0" tests="2" name="com.mystore.TestCases.LoginTest" time="28.378" errors="0" timestamp="2022-08-15T10:40:39 IST" skipped="0">
  <testcase classname="com.mystore.TestCases.LoginTest" name="verifySignIn" time="15.678"/>
  <system-out/>
  <testcase classname="com.mystore.TestCases.LoginTest" name="verifySignIn" time="12.700"/>
  <system-out/>
</testsuite> <!-- com.mystore.TestCases.LoginTest -->
