<?xml version="1.0" encoding="UTF-8"?>
<!-- Generated by org.testng.reporters.JUnitReportReporter -->
<testsuite hostname="LAPTOP-96SE6UHF" failures="0" tests="2" name="com.mystore.TestCases.SearchResultTest" time="32.780" errors="0" timestamp="2022-08-15T10:49:34 IST" skipped="0">
  <testcase classname="com.mystore.TestCases.SearchResultTest" name="noProductTest" time="17.441"/>
  <system-out/>
  <testcase classname="com.mystore.TestCases.SearchResultTest" name="validProductTest" time="15.339"/>
  <system-out/>
</testsuite> <!-- com.mystore.TestCases.SearchResultTest -->
