<?xml version="1.0" encoding="UTF-8"?>
<!-- Generated by org.testng.reporters.JUnitReportReporter -->
<testsuite hostname="LAPTOP-96SE6UHF" failures="0" tests="2" name="com.mystore.TestCases.LoginTest" time="23.587" errors="0" timestamp="2022-08-16T12:34:27 IST" skipped="0">
  <testcase classname="com.mystore.TestCases.LoginTest" name="verifySignIn" time="11.557"/>
  <system-out/>
  <testcase classname="com.mystore.TestCases.LoginTest" name="verifySignIn" time="12.030"/>
  <system-out/>
</testsuite> <!-- com.mystore.TestCases.LoginTest -->
